<?xml version="1.0" encoding="UTF-8"?>
<robot generator="Robot 3.2.1 (Python 3.8.5 on win32)" generated="20200727 11:00:41.782" rpa="false">
<suite id="s1" name="TestSuite3" source="C:\Users\Universum\eclipse-robotframework\RobotProject1\test3\TestSuite3.robot">
<kw name="Log" library="BuiltIn" type="setup">
<doc>Logs the given message with the given level.</doc>
<arguments>
<arg>I am inside Test Suite Setup</arg>
</arguments>
<msg timestamp="20200727 11:00:42.334" level="INFO">I am inside Test Suite Setup</msg>
<status status="PASS" starttime="20200727 11:00:42.333" endtime="20200727 11:00:42.334"></status>
</kw>
<test id="s1-t1" name="MyFirstTest">
<kw name="Log" library="BuiltIn" type="setup">
<doc>Logs the given message with the given level.</doc>
<arguments>
<arg>I am inside Test Setup</arg>
</arguments>
<msg timestamp="20200727 11:00:42.335" level="INFO">I am inside Test Setup</msg>
<status status="PASS" starttime="20200727 11:00:42.335" endtime="20200727 11:00:42.336"></status>
</kw>
<kw name="Log" library="BuiltIn">
<doc>Logs the given message with the given level.</doc>
<arguments>
<arg>Hello World</arg>
</arguments>
<msg timestamp="20200727 11:00:42.336" level="INFO">Hello World</msg>
<status status="PASS" starttime="20200727 11:00:42.336" endtime="20200727 11:00:42.336"></status>
</kw>
<kw name="Log" library="BuiltIn" type="teardown">
<doc>Logs the given message with the given level.</doc>
<arguments>
<arg>I am inside Test Teardown</arg>
</arguments>
<msg timestamp="20200727 11:00:42.337" level="INFO">I am inside Test Teardown</msg>
<status status="PASS" starttime="20200727 11:00:42.337" endtime="20200727 11:00:42.337"></status>
</kw>
<tags>
<tag>smoke</tag>
</tags>
<status status="PASS" starttime="20200727 11:00:42.334" endtime="20200727 11:00:42.338" critical="yes"></status>
</test>
<kw name="Log" library="BuiltIn" type="teardown">
<doc>Logs the given message with the given level.</doc>
<arguments>
<arg>I am inside Test Suite Teardown</arg>
</arguments>
<msg timestamp="20200727 11:00:42.341" level="INFO">I am inside Test Suite Teardown</msg>
<status status="PASS" starttime="20200727 11:00:42.341" endtime="20200727 11:00:42.341"></status>
</kw>
<status status="PASS" starttime="20200727 11:00:41.787" endtime="20200727 11:00:42.341"></status>
</suite>
<statistics>
<total>
<stat pass="1" fail="0">Critical Tests</stat>
<stat pass="1" fail="0">All Tests</stat>
</total>
<tag>
<stat pass="1" fail="0">smoke</stat>
</tag>
<suite>
<stat pass="1" fail="0" id="s1" name="TestSuite3">TestSuite3</stat>
</suite>
</statistics>
<errors>
</errors>
</robot>
